<?xml version="1.0" encoding="utf-8"?>
<TestRun id="4d7f9616-e9f8-4a2e-a92e-5f28f041824a" name="@runnervmf2e7y 2025-11-01 01:55:13" xmlns="http://microsoft.com/schemas/VisualStudio/TeamTest/2010">
  <Times creation="2025-11-01T01:55:13.1669916+00:00" queuing="2025-11-01T01:55:13.1669916+00:00" start="2025-11-01T01:54:53.0347953+00:00" finish="2025-11-01T01:55:16.6751270+00:00" />
  <TestSettings name="default" id="01f5e843-a915-4b66-9789-b567f59f8d3f">
    <Deployment runDeploymentRoot="_runnervmf2e7y_2025-11-01_01_55_13" />
  </TestSettings>
  <Results>
    <UnitTestResult executionId="02f10296-1e5b-4de2-aa2c-bc2785411650" testId="faf87593-0367-77a6-1b17-13cc4ebce1b5" testName="MusicPlayer.UITests.MusicPlayerUITests.HomePage_ShouldLoad_Successfully" computerName="runnervmf2e7y" duration="00:00:18.7872840" startTime="2025-11-01T01:55:13.1410521+00:00" endTime="2025-11-01T01:55:13.1410742+00:00" testType="13cdc9d9-ddb5-4fa4-a97d-d965ccfc6d4b" outcome="Passed" testListId="8c84fa94-04c1-424b-9868-57a2d4851a1d" relativeResultsDirectory="02f10296-1e5b-4de2-aa2c-bc2785411650" />
    <UnitTestResult executionId="ac2352bd-39ee-4101-ba1b-4c61c10f3f2e" testId="7127932d-c6c2-614a-eee8-df13e9ddded6" testName="MusicPlayer.UITests.MusicPlayerUITests.PlayButton_WhenClicked_ShouldShowPlayingMessage" computerName="runnervmf2e7y" duration="00:00:00.9038015" startTime="2025-11-01T01:55:14.0445702+00:00" endTime="2025-11-01T01:55:14.0445704+00:00" testType="13cdc9d9-ddb5-4fa4-a97d-d965ccfc6d4b" outcome="Passed" testListId="8c84fa94-04c1-424b-9868-57a2d4851a1d" relativeResultsDirectory="ac2352bd-39ee-4101-ba1b-4c61c10f3f2e" />
    <UnitTestResult executionId="b28e78a1-2725-4ad4-a57e-6c034f7a2932" testId="9ac12fdd-fdca-acdc-91b4-2ec9dfae4587" testName="MusicPlayer.UITests.MusicPlayerUITests.AllButtons_ShouldBeVisible_AndClickable" computerName="runnervmf2e7y" duration="00:00:00.5359609" startTime="2025-11-01T01:55:15.2192640+00:00" endTime="2025-11-01T01:55:15.2192643+00:00" testType="13cdc9d9-ddb5-4fa4-a97d-d965ccfc6d4b" outcome="Passed" testListId="8c84fa94-04c1-424b-9868-57a2d4851a1d" relativeResultsDirectory="b28e78a1-2725-4ad4-a57e-6c034f7a2932" />
    <UnitTestResult executionId="e439bb50-496e-410f-ba28-b8debeb081f9" testId="f87d0ea6-fe43-5c94-ba1e-763c7e57e309" testName="MusicPlayer.UITests.MusicPlayerUITests.PauseButton_WhenClicked_ShouldShowPausingMessage" computerName="runnervmf2e7y" duration="00:00:00.5895923" startTime="2025-11-01T01:55:15.8091432+00:00" endTime="2025-11-01T01:55:15.8091434+00:00" testType="13cdc9d9-ddb5-4fa4-a97d-d965ccfc6d4b" outcome="Passed" testListId="8c84fa94-04c1-424b-9868-57a2d4851a1d" relativeResultsDirectory="e439bb50-496e-410f-ba28-b8debeb081f9" />
    <UnitTestResult executionId="03e2bd13-06b8-4008-a6f3-aec0cbec7973" testId="1ab3ecc9-89c0-74c7-6fa6-63ff3a997f17" testName="MusicPlayer.UITests.MusicPlayerUITests.SkipButton_WhenClicked_ShouldShowSkippingMessage" computerName="runnervmf2e7y" duration="00:00:00.6383818" startTime="2025-11-01T01:55:14.6831009+00:00" endTime="2025-11-01T01:55:14.6831011+00:00" testType="13cdc9d9-ddb5-4fa4-a97d-d965ccfc6d4b" outcome="Passed" testListId="8c84fa94-04c1-424b-9868-57a2d4851a1d" relativeResultsDirectory="03e2bd13-06b8-4008-a6f3-aec0cbec7973" />
    <UnitTestResult executionId="77ae2075-edc0-4645-a88b-9964e42eb438" testId="96f8ec32-1fae-a343-d76f-36f72c55ff37" testName="MusicPlayer.UITests.MusicPlayerUITests.MultipleCommands_ShouldExecute_Sequentially" computerName="runnervmf2e7y" duration="00:00:00.8021249" startTime="2025-11-01T01:55:16.6114613+00:00" endTime="2025-11-01T01:55:16.6114615+00:00" testType="13cdc9d9-ddb5-4fa4-a97d-d965ccfc6d4b" outcome="Passed" testListId="8c84fa94-04c1-424b-9868-57a2d4851a1d" relativeResultsDirectory="77ae2075-edc0-4645-a88b-9964e42eb438" />
  </Results>
  <TestDefinitions>
    <UnitTest name="MusicPlayer.UITests.MusicPlayerUITests.HomePage_ShouldLoad_Successfully" storage="/home/runner/work/examen-2025-ii-si784-u2-krcrimson/examen-2025-ii-si784-u2-krcrimson/tests/musicplayer.uitests/bin/release/net8.0/musicplayer.uitests.dll" id="faf87593-0367-77a6-1b17-13cc4ebce1b5">
      <Execution id="02f10296-1e5b-4de2-aa2c-bc2785411650" />
      <TestMethod codeBase="/home/runner/work/examen-2025-ii-si784-u2-KrCrimson/examen-2025-ii-si784-u2-KrCrimson/tests/MusicPlayer.UITests/bin/Release/net8.0/MusicPlayer.UITests.dll" adapterTypeName="executor://xunit/VsTestRunner2/netcoreapp" className="MusicPlayer.UITests.MusicPlayerUITests" name="HomePage_ShouldLoad_Successfully" />
    </UnitTest>
    <UnitTest name="MusicPlayer.UITests.MusicPlayerUITests.PauseButton_WhenClicked_ShouldShowPausingMessage" storage="/home/runner/work/examen-2025-ii-si784-u2-krcrimson/examen-2025-ii-si784-u2-krcrimson/tests/musicplayer.uitests/bin/release/net8.0/musicplayer.uitests.dll" id="f87d0ea6-fe43-5c94-ba1e-763c7e57e309">
      <Execution id="e439bb50-496e-410f-ba28-b8debeb081f9" />
      <TestMethod codeBase="/home/runner/work/examen-2025-ii-si784-u2-KrCrimson/examen-2025-ii-si784-u2-KrCrimson/tests/MusicPlayer.UITests/bin/Release/net8.0/MusicPlayer.UITests.dll" adapterTypeName="executor://xunit/VsTestRunner2/netcoreapp" className="MusicPlayer.UITests.MusicPlayerUITests" name="PauseButton_WhenClicked_ShouldShowPausingMessage" />
    </UnitTest>
    <UnitTest name="MusicPlayer.UITests.MusicPlayerUITests.AllButtons_ShouldBeVisible_AndClickable" storage="/home/runner/work/examen-2025-ii-si784-u2-krcrimson/examen-2025-ii-si784-u2-krcrimson/tests/musicplayer.uitests/bin/release/net8.0/musicplayer.uitests.dll" id="9ac12fdd-fdca-acdc-91b4-2ec9dfae4587">
      <Execution id="b28e78a1-2725-4ad4-a57e-6c034f7a2932" />
      <TestMethod codeBase="/home/runner/work/examen-2025-ii-si784-u2-KrCrimson/examen-2025-ii-si784-u2-KrCrimson/tests/MusicPlayer.UITests/bin/Release/net8.0/MusicPlayer.UITests.dll" adapterTypeName="executor://xunit/VsTestRunner2/netcoreapp" className="MusicPlayer.UITests.MusicPlayerUITests" name="AllButtons_ShouldBeVisible_AndClickable" />
    </UnitTest>
    <UnitTest name="MusicPlayer.UITests.MusicPlayerUITests.PlayButton_WhenClicked_ShouldShowPlayingMessage" storage="/home/runner/work/examen-2025-ii-si784-u2-krcrimson/examen-2025-ii-si784-u2-krcrimson/tests/musicplayer.uitests/bin/release/net8.0/musicplayer.uitests.dll" id="7127932d-c6c2-614a-eee8-df13e9ddded6">
      <Execution id="ac2352bd-39ee-4101-ba1b-4c61c10f3f2e" />
      <TestMethod codeBase="/home/runner/work/examen-2025-ii-si784-u2-KrCrimson/examen-2025-ii-si784-u2-KrCrimson/tests/MusicPlayer.UITests/bin/Release/net8.0/MusicPlayer.UITests.dll" adapterTypeName="executor://xunit/VsTestRunner2/netcoreapp" className="MusicPlayer.UITests.MusicPlayerUITests" name="PlayButton_WhenClicked_ShouldShowPlayingMessage" />
    </UnitTest>
    <UnitTest name="MusicPlayer.UITests.MusicPlayerUITests.MultipleCommands_ShouldExecute_Sequentially" storage="/home/runner/work/examen-2025-ii-si784-u2-krcrimson/examen-2025-ii-si784-u2-krcrimson/tests/musicplayer.uitests/bin/release/net8.0/musicplayer.uitests.dll" id="96f8ec32-1fae-a343-d76f-36f72c55ff37">
      <Execution id="77ae2075-edc0-4645-a88b-9964e42eb438" />
      <TestMethod codeBase="/home/runner/work/examen-2025-ii-si784-u2-KrCrimson/examen-2025-ii-si784-u2-KrCrimson/tests/MusicPlayer.UITests/bin/Release/net8.0/MusicPlayer.UITests.dll" adapterTypeName="executor://xunit/VsTestRunner2/netcoreapp" className="MusicPlayer.UITests.MusicPlayerUITests" name="MultipleCommands_ShouldExecute_Sequentially" />
    </UnitTest>
    <UnitTest name="MusicPlayer.UITests.MusicPlayerUITests.SkipButton_WhenClicked_ShouldShowSkippingMessage" storage="/home/runner/work/examen-2025-ii-si784-u2-krcrimson/examen-2025-ii-si784-u2-krcrimson/tests/musicplayer.uitests/bin/release/net8.0/musicplayer.uitests.dll" id="1ab3ecc9-89c0-74c7-6fa6-63ff3a997f17">
      <Execution id="03e2bd13-06b8-4008-a6f3-aec0cbec7973" />
      <TestMethod codeBase="/home/runner/work/examen-2025-ii-si784-u2-KrCrimson/examen-2025-ii-si784-u2-KrCrimson/tests/MusicPlayer.UITests/bin/Release/net8.0/MusicPlayer.UITests.dll" adapterTypeName="executor://xunit/VsTestRunner2/netcoreapp" className="MusicPlayer.UITests.MusicPlayerUITests" name="SkipButton_WhenClicked_ShouldShowSkippingMessage" />
    </UnitTest>
  </TestDefinitions>
  <TestEntries>
    <TestEntry testId="faf87593-0367-77a6-1b17-13cc4ebce1b5" executionId="02f10296-1e5b-4de2-aa2c-bc2785411650" testListId="8c84fa94-04c1-424b-9868-57a2d4851a1d" />
    <TestEntry testId="7127932d-c6c2-614a-eee8-df13e9ddded6" executionId="ac2352bd-39ee-4101-ba1b-4c61c10f3f2e" testListId="8c84fa94-04c1-424b-9868-57a2d4851a1d" />
    <TestEntry testId="9ac12fdd-fdca-acdc-91b4-2ec9dfae4587" executionId="b28e78a1-2725-4ad4-a57e-6c034f7a2932" testListId="8c84fa94-04c1-424b-9868-57a2d4851a1d" />
    <TestEntry testId="f87d0ea6-fe43-5c94-ba1e-763c7e57e309" executionId="e439bb50-496e-410f-ba28-b8debeb081f9" testListId="8c84fa94-04c1-424b-9868-57a2d4851a1d" />
    <TestEntry testId="1ab3ecc9-89c0-74c7-6fa6-63ff3a997f17" executionId="03e2bd13-06b8-4008-a6f3-aec0cbec7973" testListId="8c84fa94-04c1-424b-9868-57a2d4851a1d" />
    <TestEntry testId="96f8ec32-1fae-a343-d76f-36f72c55ff37" executionId="77ae2075-edc0-4645-a88b-9964e42eb438" testListId="8c84fa94-04c1-424b-9868-57a2d4851a1d" />
  </TestEntries>
  <TestLists>
    <TestList name="Results Not in a List" id="8c84fa94-04c1-424b-9868-57a2d4851a1d" />
    <TestList name="All Loaded Results" id="19431567-8539-422a-85d7-44ee4e166bda" />
  </TestLists>
  <ResultSummary outcome="Completed">
    <Counters total="6" executed="6" passed="6" failed="0" error="0" timeout="0" aborted="0" inconclusive="0" passedButRunAborted="0" notRunnable="0" notExecuted="0" disconnected="0" warning="0" completed="0" inProgress="0" pending="0" />
    <Output>
      <StdOut>[xUnit.net 00:00:00.00] xUnit.net VSTest Adapter v2.5.4.1+b9eacec401 (64-bit .NET 8.0.21)
[xUnit.net 00:00:00.33]   Discovering: MusicPlayer.UITests
[xUnit.net 00:00:00.41]   Discovered:  MusicPlayer.UITests
[xUnit.net 00:00:00.41]   Starting:    MusicPlayer.UITests
Starting ChromeDriver 142.0.7444.59 (4b8153ab58d3c3f4c9f7e4baad9616ecf80db5fa-refs/branch-heads/7444_52@{#4}) on port 38535
Only local connections are allowed.
Please see https://chromedriver.chromium.org/security-considerations for suggestions on keeping ChromeDriver safe.
Connection refused (localhost:38535)
Connection refused (localhost:38535)
Connection refused (localhost:38535)
Connection refused (localhost:38535)
Connection refused (localhost:38535)
Connection refused (localhost:38535)
Connection refused (localhost:38535)
Connection refused (localhost:38535)
Connection refused (localhost:38535)
Connection refused (localhost:38535)
Connection refused (localhost:38535)
Connection refused (localhost:38535)
Connection refused (localhost:38535)
Connection refused (localhost:38535)
Connection refused (localhost:38535)
Connection refused (localhost:38535)
Connection refused (localhost:38535)
Connection refused (localhost:38535)
Connection refused (localhost:38535)
Connection refused (localhost:38535)
Connection refused (localhost:38535)
Connection refused (localhost:38535)
Connection refused (localhost:38535)
Connection refused (localhost:38535)
Connection refused (localhost:38535)
Connection refused (localhost:38535)
Connection refused (localhost:38535)
Connection refused (localhost:38535)
Connection refused (localhost:38535)
Connection refused (localhost:38535)
Connection refused (localhost:38535)
Connection refused (localhost:38535)
Connection refused (localhost:38535)
Connection refused (localhost:38535)
Connection refused (localhost:38535)
Connection refused (localhost:38535)
Connection refused (localhost:38535)
Connection refused (localhost:38535)
Connection refused (localhost:38535)
Connection refused (localhost:38535)
Connection refused (localhost:38535)
Connection refused (localhost:38535)
Connection refused (localhost:38535)
Connection refused (localhost:38535)
Connection refused (localhost:38535)
Connection refused (localhost:38535)
Connection refused (localhost:38535)
Connection refused (localhost:38535)
Connection refused (localhost:38535)
Connection refused (localhost:38535)
Connection refused (localhost:38535)
Connection refused (localhost:38535)
Connection refused (localhost:38535)
Connection refused (localhost:38535)
Connection refused (localhost:38535)
Connection refused (localhost:38535)
Connection refused (localhost:38535)
Connection refused (localhost:38535)
Connection refused (localhost:38535)
Connection refused (localhost:38535)
Connection refused (localhost:38535)
Connection refused (localhost:38535)
Connection refused (localhost:38535)
Connection refused (localhost:38535)
Connection refused (localhost:38535)
Connection refused (localhost:38535)
Connection refused (localhost:38535)
Connection refused (localhost:38535)
Connection refused (localhost:38535)
Connection refused (localhost:38535)
Connection refused (localhost:38535)
Connection refused (localhost:38535)
Connection refused (localhost:38535)
Connection refused (localhost:38535)
Connection refused (localhost:38535)
Connection refused (localhost:38535)
Connection refused (localhost:38535)
Connection refused (localhost:38535)
Connection refused (localhost:38535)
Connection refused (localhost:38535)
Connection refused (localhost:38535)
Connection refused (localhost:38535)
Connection refused (localhost:38535)
Connection refused (localhost:38535)
Connection refused (localhost:38535)
Connection refused (localhost:38535)
Connection refused (localhost:38535)
Connection refused (localhost:38535)
Connection refused (localhost:38535)
Connection refused (localhost:38535)
Connection refused (localhost:38535)
Connection refused (localhost:38535)
Connection refused (localhost:38535)
Connection refused (localhost:38535)
Connection refused (localhost:38535)
Connection refused (localhost:38535)
Connection refused (localhost:38535)
Connection refused (localhost:38535)
Connection refused (localhost:38535)
Connection refused (localhost:38535)
Connection refused (localhost:38535)
Connection refused (localhost:38535)
Connection refused (localhost:38535)
Connection refused (localhost:38535)
Connection refused (localhost:38535)
Connection refused (localhost:38535)
Connection refused (localhost:38535)
Connection refused (localhost:38535)
Connection refused (localhost:38535)
Connection refused (localhost:38535)
Connection refused (localhost:38535)
Connection refused (localhost:38535)
Connection refused (localhost:38535)
Connection refused (localhost:38535)
Connection refused (localhost:38535)
Connection refused (localhost:38535)
Connection refused (localhost:38535)
Connection refused (localhost:38535)
Connection refused (localhost:38535)
Connection refused (localhost:38535)
Connection refused (localhost:38535)
Connection refused (localhost:38535)
Connection refused (localhost:38535)
Connection refused (localhost:38535)
Connection refused (localhost:38535)
Connection refused (localhost:38535)
Connection refused (localhost:38535)
Connection refused (localhost:38535)
Connection refused (localhost:38535)
Connection refused (localhost:38535)
Connection refused (localhost:38535)
Connection refused (localhost:38535)
Connection refused (localhost:38535)
Connection refused (localhost:38535)
Connection refused (localhost:38535)
Connection refused (localhost:38535)
Connection refused (localhost:38535)
Connection refused (localhost:38535)
Connection refused (localhost:38535)
Connection refused (localhost:38535)
Connection refused (localhost:38535)
Connection refused (localhost:38535)
Connection refused (localhost:38535)
Connection refused (localhost:38535)
Connection refused (localhost:38535)
Connection refused (localhost:38535)
Connection refused (localhost:38535)
Connection refused (localhost:38535)
Connection refused (localhost:38535)
Connection refused (localhost:38535)
Connection refused (localhost:38535)
Connection refused (localhost:38535)
Connection refused (localhost:38535)
Connection refused (localhost:38535)
Connection refused (localhost:38535)
Connection refused (localhost:38535)
Connection refused (localhost:38535)
Connection refused (localhost:38535)
Connection refused (localhost:38535)
Connection refused (localhost:38535)
Connection refused (localhost:38535)
Connection refused (localhost:38535)
Connection refused (localhost:38535)
Connection refused (localhost:38535)
Connection refused (localhost:38535)
Connection refused (localhost:38535)
Connection refused (localhost:38535)
Connection refused (localhost:38535)
Connection refused (localhost:38535)
Connection refused (localhost:38535)
Connection refused (localhost:38535)
Connection refused (localhost:38535)
Connection refused (localhost:38535)
Connection refused (localhost:38535)
Connection refused (localhost:38535)
Connection refused (localhost:38535)
Connection refused (localhost:38535)
Connection refused (localhost:38535)
Connection refused (localhost:38535)
Connection refused (localhost:38535)
Connection refused (localhost:38535)
Connection refused (localhost:38535)
Connection refused (localhost:38535)
Connection refused (localhost:38535)
Connection refused (localhost:38535)
Connection refused (localhost:38535)
Connection refused (localhost:38535)
Connection refused (localhost:38535)
Connection refused (localhost:38535)
Connection refused (localhost:38535)
Connection refused (localhost:38535)
Connection refused (localhost:38535)
Connection refused (localhost:38535)
Connection refused (localhost:38535)
Connection refused (localhost:38535)
Connection refused (localhost:38535)
Connection refused (localhost:38535)
Connection refused (localhost:38535)
Connection refused (localhost:38535)
Connection refused (localhost:38535)
Connection refused (localhost:38535)
Connection refused (localhost:38535)
Connection refused (localhost:38535)
Connection refused (localhost:38535)
Connection refused (localhost:38535)
Connection refused (localhost:38535)
Connection refused (localhost:38535)
Connection refused (localhost:38535)
Connection refused (localhost:38535)
Connection refused (localhost:38535)
Connection refused (localhost:38535)
Connection refused (localhost:38535)
Connection refused (localhost:38535)
Connection refused (localhost:38535)
Connection refused (localhost:38535)
Connection refused (localhost:38535)
Connection refused (localhost:38535)
Connection refused (localhost:38535)
Connection refused (localhost:38535)
Connection refused (localhost:38535)
Connection refused (localhost:38535)
Connection refused (localhost:38535)
Connection refused (localhost:38535)
Connection refused (localhost:38535)
Connection refused (localhost:38535)
Connection refused (localhost:38535)
Connection refused (localhost:38535)
Connection refused (localhost:38535)
Connection refused (localhost:38535)
Connection refused (localhost:38535)
Connection refused (localhost:38535)
Connection refused (localhost:38535)
Connection refused (localhost:38535)
Connection refused (localhost:38535)
Connection refused (localhost:38535)
Connection refused (localhost:38535)
Connection refused (localhost:38535)
Connection refused (localhost:38535)
Connection refused (localhost:38535)
Connection refused (localhost:38535)
Connection refused (localhost:38535)
Connection refused (localhost:38535)
Connection refused (localhost:38535)
Connection refused (localhost:38535)
Connection refused (localhost:38535)
Connection refused (localhost:38535)
Connection refused (localhost:38535)
Connection refused (localhost:38535)
Connection refused (localhost:38535)
Connection refused (localhost:38535)
Connection refused (localhost:38535)
Connection refused (localhost:38535)
Connection refused (localhost:38535)
Connection refused (localhost:38535)
Connection refused (localhost:38535)
Connection refused (localhost:38535)
Connection refused (localhost:38535)
Connection refused (localhost:38535)
Connection refused (localhost:38535)
Connection refused (localhost:38535)
Connection refused (localhost:38535)
Connection refused (localhost:38535)
Connection refused (localhost:38535)
Connection refused (localhost:38535)
Connection refused (localhost:38535)
Connection refused (localhost:38535)
Connection refused (localhost:38535)
Connection refused (localhost:38535)
Connection refused (localhost:38535)
Connection refused (localhost:38535)
Connection refused (localhost:38535)
Connection refused (localhost:38535)
Connection refused (localhost:38535)
Connection refused (localhost:38535)
Connection refused (localhost:38535)
Connection refused (localhost:38535)
Connection refused (localhost:38535)
Connection refused (localhost:38535)
Connection refused (localhost:38535)
Connection refused (localhost:38535)
Connection refused (localhost:38535)
Connection refused (localhost:38535)
Connection refused (localhost:38535)
Connection refused (localhost:38535)
Connection refused (localhost:38535)
Connection refused (localhost:38535)
Connection refused (localhost:38535)
Connection refused (localhost:38535)
Connection refused (localhost:38535)
Connection refused (localhost:38535)
Connection refused (localhost:38535)
Connection refused (localhost:38535)
Connection refused (localhost:38535)
Connection refused (localhost:38535)
Connection refused (localhost:38535)
Connection refused (localhost:38535)
Connection refused (localhost:38535)
Connection refused (localhost:38535)
Connection refused (localhost:38535)
Connection refused (localhost:38535)
Connection refused (localhost:38535)
Connection refused (localhost:38535)
Connection refused (localhost:38535)
Connection refused (localhost:38535)
Connection refused (localhost:38535)
Connection refused (localhost:38535)
Connection refused (localhost:38535)
Connection refused (localhost:38535)
Connection refused (localhost:38535)
Connection refused (localhost:38535)
Connection refused (localhost:38535)
Connection refused (localhost:38535)
Connection refused (localhost:38535)
Connection refused (localhost:38535)
Connection refused (localhost:38535)
Connection refused (localhost:38535)
Connection refused (localhost:38535)
Connection refused (localhost:38535)
Connection refused (localhost:38535)
Connection refused (localhost:38535)
Connection refused (localhost:38535)
Connection refused (localhost:38535)
Connection refused (localhost:38535)
Connection refused (localhost:38535)
Connection refused (localhost:38535)
Connection refused (localhost:38535)
Connection refused (localhost:38535)
Connection refused (localhost:38535)
Connection refused (localhost:38535)
Connection refused (localhost:38535)
Connection refused (localhost:38535)
Connection refused (localhost:38535)
Connection refused (localhost:38535)
Connection refused (localhost:38535)
Connection refused (localhost:38535)
Connection refused (localhost:38535)
Connection refused (localhost:38535)
Connection refused (localhost:38535)
Connection refused (localhost:38535)
Connection refused (localhost:38535)
Connection refused (localhost:38535)
Connection refused (localhost:38535)
Connection refused (localhost:38535)
Connection refused (localhost:38535)
Connection refused (localhost:38535)
Connection refused (localhost:38535)
Connection refused (localhost:38535)
Connection refused (localhost:38535)
Connection refused (localhost:38535)
Connection refused (localhost:38535)
Connection refused (localhost:38535)
Connection refused (localhost:38535)
Connection refused (localhost:38535)
Connection refused (localhost:38535)
Connection refused (localhost:38535)
Connection refused (localhost:38535)
Connection refused (localhost:38535)
Connection refused (localhost:38535)
Connection refused (localhost:38535)
Connection refused (localhost:38535)
Connection refused (localhost:38535)
Connection refused (localhost:38535)
Connection refused (localhost:38535)
Connection refused (localhost:38535)
Connection refused (localhost:38535)
Connection refused (localhost:38535)
Connection refused (localhost:38535)
Connection refused (localhost:38535)
Connection refused (localhost:38535)
Connection refused (localhost:38535)
Connection refused (localhost:38535)
Connection refused (localhost:38535)
Connection refused (localhost:38535)
Connection refused (localhost:38535)
Connection refused (localhost:38535)
Connection refused (localhost:38535)
Connection refused (localhost:38535)
Connection refused (localhost:38535)
Connection refused (localhost:38535)
Connection refused (localhost:38535)
Connection refused (localhost:38535)
Connection refused (localhost:38535)
Connection refused (localhost:38535)
Connection refused (localhost:38535)
Connection refused (localhost:38535)
Connection refused (localhost:38535)
Connection refused (localhost:38535)
Connection refused (localhost:38535)
Connection refused (localhost:38535)
Connection refused (localhost:38535)
Connection refused (localhost:38535)
Connection refused (localhost:38535)
Connection refused (localhost:38535)
Connection refused (localhost:38535)
Connection refused (localhost:38535)
Connection refused (localhost:38535)
Connection refused (localhost:38535)
Connection refused (localhost:38535)
Connection refused (localhost:38535)
Connection refused (localhost:38535)
Connection refused (localhost:38535)
Connection refused (localhost:38535)
Connection refused (localhost:38535)
Connection refused (localhost:38535)
Connection refused (localhost:38535)
Connection refused (localhost:38535)
Connection refused (localhost:38535)
Connection refused (localhost:38535)
Connection refused (localhost:38535)
Connection refused (localhost:38535)
Connection refused (localhost:38535)
Connection refused (localhost:38535)
Connection refused (localhost:38535)
Connection refused (localhost:38535)
Connection refused (localhost:38535)
Connection refused (localhost:38535)
Connection refused (localhost:38535)
Connection refused (localhost:38535)
Connection refused (localhost:38535)
Connection refused (localhost:38535)
Connection refused (localhost:38535)
Connection refused (localhost:38535)
Connection refused (localhost:38535)
Connection refused (localhost:38535)
Connection refused (localhost:38535)
Connection refused (localhost:38535)
Connection refused (localhost:38535)
Connection refused (localhost:38535)
Connection refused (localhost:38535)
Connection refused (localhost:38535)
Connection refused (localhost:38535)
Connection refused (localhost:38535)
Connection refused (localhost:38535)
Connection refused (localhost:38535)
Connection refused (localhost:38535)
Connection refused (localhost:38535)
Connection refused (localhost:38535)
Connection refused (localhost:38535)
Connection refused (localhost:38535)
Connection refused (localhost:38535)
Connection refused (localhost:38535)
Connection refused (localhost:38535)
Connection refused (localhost:38535)
Connection refused (localhost:38535)
Connection refused (localhost:38535)
Connection refused (localhost:38535)
Connection refused (localhost:38535)
Connection refused (localhost:38535)
Connection refused (localhost:38535)
Connection refused (localhost:38535)
Connection refused (localhost:38535)
Connection refused (localhost:38535)
Connection refused (localhost:38535)
Connection refused (localhost:38535)
Connection refused (localhost:38535)
Connection refused (localhost:38535)
Connection refused (localhost:38535)
Connection refused (localhost:38535)
Connection refused (localhost:38535)
Connection refused (localhost:38535)
Connection refused (localhost:38535)
Connection refused (localhost:38535)
Connection refused (localhost:38535)
Connection refused (localhost:38535)
Connection refused (localhost:38535)
Connection refused (localhost:38535)
Connection refused (localhost:38535)
Connection refused (localhost:38535)
Connection refused (localhost:38535)
Connection refused (localhost:38535)
Connection refused (localhost:38535)
Connection refused (localhost:38535)
Connection refused (localhost:38535)
Connection refused (localhost:38535)
Connection refused (localhost:38535)
Connection refused (localhost:38535)
Connection refused (localhost:38535)
Connection refused (localhost:38535)
Connection refused (localhost:38535)
Connection refused (localhost:38535)
Connection refused (localhost:38535)
Connection refused (localhost:38535)
Connection refused (localhost:38535)
Connection refused (localhost:38535)
Connection refused (localhost:38535)
Connection refused (localhost:38535)
Connection refused (localhost:38535)
Connection refused (localhost:38535)
Connection refused (localhost:38535)
Connection refused (localhost:38535)
Connection refused (localhost:38535)
Connection refused (localhost:38535)
Connection refused (localhost:38535)
Connection refused (localhost:38535)
Connection refused (localhost:38535)
Connection refused (localhost:38535)
Connection refused (localhost:38535)
Connection refused (localhost:38535)
Connection refused (localhost:38535)
Connection refused (localhost:38535)
Connection refused (localhost:38535)
Connection refused (localhost:38535)
Connection refused (localhost:38535)
Connection refused (localhost:38535)
Connection refused (localhost:38535)
Connection refused (localhost:38535)
Connection refused (localhost:38535)
Connection refused (localhost:38535)
Connection refused (localhost:38535)
Connection refused (localhost:38535)
Connection refused (localhost:38535)
Connection refused (localhost:38535)
Connection refused (localhost:38535)
Connection refused (localhost:38535)
Connection refused (localhost:38535)
Connection refused (localhost:38535)
Connection refused (localhost:38535)
Connection refused (localhost:38535)
Connection refused (localhost:38535)
Connection refused (localhost:38535)
Connection refused (localhost:38535)
Connection refused (localhost:38535)
Connection refused (localhost:38535)
Connection refused (localhost:38535)
Connection refused (localhost:38535)
Connection refused (localhost:38535)
Connection refused (localhost:38535)
Connection refused (localhost:38535)
Connection refused (localhost:38535)
Connection refused (localhost:38535)
Connection refused (localhost:38535)
Connection refused (localhost:38535)
Connection refused (localhost:38535)
Connection refused (localhost:38535)
Connection refused (localhost:38535)
Connection refused (localhost:38535)
Connection refused (localhost:38535)
Connection refused (localhost:38535)
Connection refused (localhost:38535)
Connection refused (localhost:38535)
Connection refused (localhost:38535)
Connection refused (localhost:38535)
Connection refused (localhost:38535)
Connection refused (localhost:38535)
Connection refused (localhost:38535)
Connection refused (localhost:38535)
Connection refused (localhost:38535)
Connection refused (localhost:38535)
Connection refused (localhost:38535)
Connection refused (localhost:38535)
Connection refused (localhost:38535)
Connection refused (localhost:38535)
Connection refused (localhost:38535)
Connection refused (localhost:38535)
Connection refused (localhost:38535)
Connection refused (localhost:38535)
Connection refused (localhost:38535)
Connection refused (localhost:38535)
Connection refused (localhost:38535)
Connection refused (localhost:38535)
Connection refused (localhost:38535)
Connection refused (localhost:38535)
Connection refused (localhost:38535)
Connection refused (localhost:38535)
Connection refused (localhost:38535)
Connection refused (localhost:38535)
Connection refused (localhost:38535)
Connection refused (localhost:38535)
Connection refused (localhost:38535)
Connection refused (localhost:38535)
Connection refused (localhost:38535)
Connection refused (localhost:38535)
Connection refused (localhost:38535)
Connection refused (localhost:38535)
Connection refused (localhost:38535)
Connection refused (localhost:38535)
Connection refused (localhost:38535)
Connection refused (localhost:38535)
Connection refused (localhost:38535)
Connection refused (localhost:38535)
Connection refused (localhost:38535)
Connection refused (localhost:38535)
Connection refused (localhost:38535)
Connection refused (localhost:38535)
Connection refused (localhost:38535)
Connection refused (localhost:38535)
Connection refused (localhost:38535)
Connection refused (localhost:38535)
Connection refused (localhost:38535)
Connection refused (localhost:38535)
Connection refused (localhost:38535)
Connection refused (localhost:38535)
Connection refused (localhost:38535)
Connection refused (localhost:38535)
Connection refused (localhost:38535)
Connection refused (localhost:38535)
Connection refused (localhost:38535)
Connection refused (localhost:38535)
Connection refused (localhost:38535)
Connection refused (localhost:38535)
Connection refused (localhost:38535)
Connection refused (localhost:38535)
Connection refused (localhost:38535)
Connection refused (localhost:38535)
Connection refused (localhost:38535)
Connection refused (localhost:38535)
Connection refused (localhost:38535)
Connection refused (localhost:38535)
Connection refused (localhost:38535)
Connection refused (localhost:38535)
Connection refused (localhost:38535)
Connection refused (localhost:38535)
Connection refused (localhost:38535)
Connection refused (localhost:38535)
Connection refused (localhost:38535)
Connection refused (localhost:38535)
Connection refused (localhost:38535)
Connection refused (localhost:38535)
Connection refused (localhost:38535)
Connection refused (localhost:38535)
Connection refused (localhost:38535)
Connection refused (localhost:38535)
Connection refused (localhost:38535)
Connection refused (localhost:38535)
Connection refused (localhost:38535)
Connection refused (localhost:38535)
Connection refused (localhost:38535)
Connection refused (localhost:38535)
Connection refused (localhost:38535)
Connection refused (localhost:38535)
Connection refused (localhost:38535)
Connection refused (localhost:38535)
Connection refused (localhost:38535)
Connection refused (localhost:38535)
Connection refused (localhost:38535)
Connection refused (localhost:38535)
Connection refused (localhost:38535)
Connection refused (localhost:38535)
Connection refused (localhost:38535)
Connection refused (localhost:38535)
Connection refused (localhost:38535)
Connection refused (localhost:38535)
Connection refused (localhost:38535)
Connection refused (localhost:38535)
Connection refused (localhost:38535)
Connection refused (localhost:38535)
Connection refused (localhost:38535)
Connection refused (localhost:38535)
Connection refused (localhost:38535)
Connection refused (localhost:38535)
Connection refused (localhost:38535)
Connection refused (localhost:38535)
Connection refused (localhost:38535)
Connection refused (localhost:38535)
Connection refused (localhost:38535)
Connection refused (localhost:38535)
Connection refused (localhost:38535)
Connection refused (localhost:38535)
Connection refused (localhost:38535)
Connection refused (localhost:38535)
Connection refused (localhost:38535)
Connection refused (localhost:38535)
Connection refused (localhost:38535)
Connection refused (localhost:38535)
Connection refused (localhost:38535)
Connection refused (localhost:38535)
Connection refused (localhost:38535)
Connection refused (localhost:38535)
Connection refused (localhost:38535)
Connection refused (localhost:38535)
Connection refused (localhost:38535)
Connection refused (localhost:38535)
Connection refused (localhost:38535)
Connection refused (localhost:38535)
Connection refused (localhost:38535)
Connection refused (localhost:38535)
Connection refused (localhost:38535)
Connection refused (localhost:38535)
Connection refused (localhost:38535)
Connection refused (localhost:38535)
Connection refused (localhost:38535)
Connection refused (localhost:38535)
Connection refused (localhost:38535)
Connection refused (localhost:38535)
Connection refused (localhost:38535)
Connection refused (localhost:38535)
Connection refused (localhost:38535)
Connection refused (localhost:38535)
Connection refused (localhost:38535)
Connection refused (localhost:38535)
Connection refused (localhost:38535)
Connection refused (localhost:38535)
Connection refused (localhost:38535)
Connection refused (localhost:38535)
Connection refused (localhost:38535)
Connection refused (localhost:38535)
Connection refused (localhost:38535)
Connection refused (localhost:38535)
Connection refused (localhost:38535)
Connection refused (localhost:38535)
Connection refused (localhost:38535)
Connection refused (localhost:38535)
Connection refused (localhost:38535)
Connection refused (localhost:38535)
Connection refused (localhost:38535)
Connection refused (localhost:38535)
Connection refused (localhost:38535)
Connection refused (localhost:38535)
Connection refused (localhost:38535)
Connection refused (localhost:38535)
Connection refused (localhost:38535)
Connection refused (localhost:38535)
Connection refused (localhost:38535)
Connection refused (localhost:38535)
Connection refused (localhost:38535)
Connection refused (localhost:38535)
Connection refused (localhost:38535)
Connection refused (localhost:38535)
Connection refused (localhost:38535)
Connection refused (localhost:38535)
Connection refused (localhost:38535)
Connection refused (localhost:38535)
Connection refused (localhost:38535)
Connection refused (localhost:38535)
Connection refused (localhost:38535)
Connection refused (localhost:38535)
Connection refused (localhost:38535)
Connection refused (localhost:38535)
Connection refused (localhost:38535)
Connection refused (localhost:38535)
Connection refused (localhost:38535)
Connection refused (localhost:38535)
Connection refused (localhost:38535)
Connection refused (localhost:38535)
Connection refused (localhost:38535)
Connection refused (localhost:38535)
Connection refused (localhost:38535)
Connection refused (localhost:38535)
Connection refused (localhost:38535)
Connection refused (localhost:38535)
Connection refused (localhost:38535)
Connection refused (localhost:38535)
Connection refused (localhost:38535)
Connection refused (localhost:38535)
Connection refused (localhost:38535)
Connection refused (localhost:38535)
Connection refused (localhost:38535)
Connection refused (localhost:38535)
Connection refused (localhost:38535)
Connection refused (localhost:38535)
Connection refused (localhost:38535)
Connection refused (localhost:38535)
Connection refused (localhost:38535)
Connection refused (localhost:38535)
Connection refused (localhost:38535)
Connection refused (localhost:38535)
Connection refused (localhost:38535)
Connection refused (localhost:38535)
Connection refused (localhost:38535)
Connection refused (localhost:38535)
Connection refused (localhost:38535)
Connection refused (localhost:38535)
Connection refused (localhost:38535)
Connection refused (localhost:38535)
Connection refused (localhost:38535)
Connection refused (localhost:38535)
Connection refused (localhost:38535)
Connection refused (localhost:38535)
Connection refused (localhost:38535)
Connection refused (localhost:38535)
Connection refused (localhost:38535)
Connection refused (localhost:38535)
Connection refused (localhost:38535)
Connection refused (localhost:38535)
Connection refused (localhost:38535)
Connection refused (localhost:38535)
Connection refused (localhost:38535)
Connection refused (localhost:38535)
Connection refused (localhost:38535)
Connection refused (localhost:38535)
Connection refused (localhost:38535)
Connection refused (localhost:38535)
Connection refused (localhost:38535)
Connection refused (localhost:38535)
ChromeDriver was started successfully on port 38535.
Connection refused (localhost:38535)
Connection refused (localhost:38655)
Connection refused (localhost:38655)
Connection refused (localhost:38655)
Starting ChromeDriver 142.0.7444.59 (4b8153ab58d3c3f4c9f7e4baad9616ecf80db5fa-refs/branch-heads/7444_52@{#4}) on port 38655
Only local connections are allowed.
Please see https://chromedriver.chromium.org/security-considerations for suggestions on keeping ChromeDriver safe.
Connection refused (localhost:38655)
Connection refused (localhost:38655)
Connection refused (localhost:38655)
Connection refused (localhost:38655)
Connection refused (localhost:38655)
Connection refused (localhost:38655)
ChromeDriver was started successfully on port 38655.
Connection refused (localhost:45125)
Connection refused (localhost:45125)
Starting ChromeDriver 142.0.7444.59 (4b8153ab58d3c3f4c9f7e4baad9616ecf80db5fa-refs/branch-heads/7444_52@{#4}) on port 45125
Only local connections are allowed.
Please see https://chromedriver.chromium.org/security-considerations for suggestions on keeping ChromeDriver safe.
Connection refused (localhost:45125)
Connection refused (localhost:45125)
Connection refused (localhost:45125)
Connection refused (localhost:45125)
Connection refused (localhost:45125)
Connection refused (localhost:45125)
ChromeDriver was started successfully on port 45125.
Connection refused (localhost:39627)
Connection refused (localhost:39627)
Connection refused (localhost:39627)
Connection refused (localhost:39627)
Starting ChromeDriver 142.0.7444.59 (4b8153ab58d3c3f4c9f7e4baad9616ecf80db5fa-refs/branch-heads/7444_52@{#4}) on port 39627
Only local connections are allowed.
Please see https://chromedriver.chromium.org/security-considerations for suggestions on keeping ChromeDriver safe.
Connection refused (localhost:39627)
Connection refused (localhost:39627)
Connection refused (localhost:39627)
Connection refused (localhost:39627)
ChromeDriver was started successfully on port 39627.
Connection refused (localhost:39627)
Connection refused (localhost:44755)
Connection refused (localhost:44755)
Connection refused (localhost:44755)
Starting ChromeDriver 142.0.7444.59 (4b8153ab58d3c3f4c9f7e4baad9616ecf80db5fa-refs/branch-heads/7444_52@{#4}) on port 44755
Only local connections are allowed.
Please see https://chromedriver.chromium.org/security-considerations for suggestions on keeping ChromeDriver safe.
Connection refused (localhost:44755)
Connection refused (localhost:44755)
Connection refused (localhost:44755)
Connection refused (localhost:44755)
Connection refused (localhost:44755)
ChromeDriver was started successfully on port 44755.
Connection refused (localhost:44755)
Connection refused (localhost:33731)
Connection refused (localhost:33731)
Connection refused (localhost:33731)
Connection refused (localhost:33731)
Starting ChromeDriver 142.0.7444.59 (4b8153ab58d3c3f4c9f7e4baad9616ecf80db5fa-refs/branch-heads/7444_52@{#4}) on port 33731
Only local connections are allowed.
Please see https://chromedriver.chromium.org/security-considerations for suggestions on keeping ChromeDriver safe.
Connection refused (localhost:33731)
Connection refused (localhost:33731)
Connection refused (localhost:33731)
Connection refused (localhost:33731)
ChromeDriver was started successfully on port 33731.
[xUnit.net 00:00:22.71]   Finished:    MusicPlayer.UITests
</StdOut>
    </Output>
  </ResultSummary>
</TestRun>