<?xml version="1.0" encoding="utf-8"?>
<TestRun id="413535b8-1c79-4dde-bd26-4cd94d13e537" name="@runnervmf2e7y 2025-11-01 02:21:50" xmlns="http://microsoft.com/schemas/VisualStudio/TeamTest/2010">
  <Times creation="2025-11-01T02:21:50.2224658+00:00" queuing="2025-11-01T02:21:50.2224659+00:00" start="2025-11-01T02:21:32.2188399+00:00" finish="2025-11-01T02:21:54.4387395+00:00" />
  <TestSettings name="default" id="2114edc0-0e79-495a-8a9d-11fb2548c2fc">
    <Deployment runDeploymentRoot="_runnervmf2e7y_2025-11-01_02_21_50" />
  </TestSettings>
  <Results>
    <UnitTestResult executionId="e3d21b94-0225-4d06-84ef-3c530da4c00b" testId="faf87593-0367-77a6-1b17-13cc4ebce1b5" testName="MusicPlayer.UITests.MusicPlayerUITests.HomePage_ShouldLoad_Successfully" computerName="runnervmf2e7y" duration="00:00:16.8326287" startTime="2025-11-01T02:21:50.1968707+00:00" endTime="2025-11-01T02:21:50.1968927+00:00" testType="13cdc9d9-ddb5-4fa4-a97d-d965ccfc6d4b" outcome="Passed" testListId="8c84fa94-04c1-424b-9868-57a2d4851a1d" relativeResultsDirectory="e3d21b94-0225-4d06-84ef-3c530da4c00b" />
    <UnitTestResult executionId="6bcf1751-9791-486f-a846-7c7492eca8e7" testId="1ab3ecc9-89c0-74c7-6fa6-63ff3a997f17" testName="MusicPlayer.UITests.MusicPlayerUITests.SkipButton_WhenClicked_ShouldShowSkippingMessage" computerName="runnervmf2e7y" duration="00:00:00.6080563" startTime="2025-11-01T02:21:52.3264035+00:00" endTime="2025-11-01T02:21:52.3264037+00:00" testType="13cdc9d9-ddb5-4fa4-a97d-d965ccfc6d4b" outcome="Passed" testListId="8c84fa94-04c1-424b-9868-57a2d4851a1d" relativeResultsDirectory="6bcf1751-9791-486f-a846-7c7492eca8e7" />
    <UnitTestResult executionId="0d3eca73-e176-450e-bab1-f3076a004203" testId="96f8ec32-1fae-a343-d76f-36f72c55ff37" testName="MusicPlayer.UITests.MusicPlayerUITests.MultipleCommands_ShouldExecute_Sequentially" computerName="runnervmf2e7y" duration="00:00:00.8058816" startTime="2025-11-01T02:21:54.3685612+00:00" endTime="2025-11-01T02:21:54.3685617+00:00" testType="13cdc9d9-ddb5-4fa4-a97d-d965ccfc6d4b" outcome="Passed" testListId="8c84fa94-04c1-424b-9868-57a2d4851a1d" relativeResultsDirectory="0d3eca73-e176-450e-bab1-f3076a004203" />
    <UnitTestResult executionId="d7da08a8-1770-4ece-8f3a-3bbcade7a550" testId="9ac12fdd-fdca-acdc-91b4-2ec9dfae4587" testName="MusicPlayer.UITests.MusicPlayerUITests.AllButtons_ShouldBeVisible_AndClickable" computerName="runnervmf2e7y" duration="00:00:00.5792995" startTime="2025-11-01T02:21:52.9054850+00:00" endTime="2025-11-01T02:21:52.9054853+00:00" testType="13cdc9d9-ddb5-4fa4-a97d-d965ccfc6d4b" outcome="Passed" testListId="8c84fa94-04c1-424b-9868-57a2d4851a1d" relativeResultsDirectory="d7da08a8-1770-4ece-8f3a-3bbcade7a550" />
    <UnitTestResult executionId="5e48d1c2-03a7-4e4d-a526-a33c393b8729" testId="7127932d-c6c2-614a-eee8-df13e9ddded6" testName="MusicPlayer.UITests.MusicPlayerUITests.PlayButton_WhenClicked_ShouldShowPlayingMessage" computerName="runnervmf2e7y" duration="00:00:01.5209002" startTime="2025-11-01T02:21:51.7177169+00:00" endTime="2025-11-01T02:21:51.7177173+00:00" testType="13cdc9d9-ddb5-4fa4-a97d-d965ccfc6d4b" outcome="Passed" testListId="8c84fa94-04c1-424b-9868-57a2d4851a1d" relativeResultsDirectory="5e48d1c2-03a7-4e4d-a526-a33c393b8729" />
    <UnitTestResult executionId="33c6698f-47c7-4f8c-84d6-dc6d6f40cad2" testId="f87d0ea6-fe43-5c94-ba1e-763c7e57e309" testName="MusicPlayer.UITests.MusicPlayerUITests.PauseButton_WhenClicked_ShouldShowPausingMessage" computerName="runnervmf2e7y" duration="00:00:00.6567352" startTime="2025-11-01T02:21:53.5625995+00:00" endTime="2025-11-01T02:21:53.5625998+00:00" testType="13cdc9d9-ddb5-4fa4-a97d-d965ccfc6d4b" outcome="Passed" testListId="8c84fa94-04c1-424b-9868-57a2d4851a1d" relativeResultsDirectory="33c6698f-47c7-4f8c-84d6-dc6d6f40cad2" />
  </Results>
  <TestDefinitions>
    <UnitTest name="MusicPlayer.UITests.MusicPlayerUITests.HomePage_ShouldLoad_Successfully" storage="/home/runner/work/examen-2025-ii-si784-u2-krcrimson/examen-2025-ii-si784-u2-krcrimson/musicplayer/tests/musicplayer.uitests/bin/release/net8.0/musicplayer.uitests.dll" id="faf87593-0367-77a6-1b17-13cc4ebce1b5">
      <Execution id="e3d21b94-0225-4d06-84ef-3c530da4c00b" />
      <TestMethod codeBase="/home/runner/work/examen-2025-ii-si784-u2-KrCrimson/examen-2025-ii-si784-u2-KrCrimson/MusicPlayer/tests/MusicPlayer.UITests/bin/Release/net8.0/MusicPlayer.UITests.dll" adapterTypeName="executor://xunit/VsTestRunner2/netcoreapp" className="MusicPlayer.UITests.MusicPlayerUITests" name="HomePage_ShouldLoad_Successfully" />
    </UnitTest>
    <UnitTest name="MusicPlayer.UITests.MusicPlayerUITests.PauseButton_WhenClicked_ShouldShowPausingMessage" storage="/home/runner/work/examen-2025-ii-si784-u2-krcrimson/examen-2025-ii-si784-u2-krcrimson/musicplayer/tests/musicplayer.uitests/bin/release/net8.0/musicplayer.uitests.dll" id="f87d0ea6-fe43-5c94-ba1e-763c7e57e309">
      <Execution id="33c6698f-47c7-4f8c-84d6-dc6d6f40cad2" />
      <TestMethod codeBase="/home/runner/work/examen-2025-ii-si784-u2-KrCrimson/examen-2025-ii-si784-u2-KrCrimson/MusicPlayer/tests/MusicPlayer.UITests/bin/Release/net8.0/MusicPlayer.UITests.dll" adapterTypeName="executor://xunit/VsTestRunner2/netcoreapp" className="MusicPlayer.UITests.MusicPlayerUITests" name="PauseButton_WhenClicked_ShouldShowPausingMessage" />
    </UnitTest>
    <UnitTest name="MusicPlayer.UITests.MusicPlayerUITests.AllButtons_ShouldBeVisible_AndClickable" storage="/home/runner/work/examen-2025-ii-si784-u2-krcrimson/examen-2025-ii-si784-u2-krcrimson/musicplayer/tests/musicplayer.uitests/bin/release/net8.0/musicplayer.uitests.dll" id="9ac12fdd-fdca-acdc-91b4-2ec9dfae4587">
      <Execution id="d7da08a8-1770-4ece-8f3a-3bbcade7a550" />
      <TestMethod codeBase="/home/runner/work/examen-2025-ii-si784-u2-KrCrimson/examen-2025-ii-si784-u2-KrCrimson/MusicPlayer/tests/MusicPlayer.UITests/bin/Release/net8.0/MusicPlayer.UITests.dll" adapterTypeName="executor://xunit/VsTestRunner2/netcoreapp" className="MusicPlayer.UITests.MusicPlayerUITests" name="AllButtons_ShouldBeVisible_AndClickable" />
    </UnitTest>
    <UnitTest name="MusicPlayer.UITests.MusicPlayerUITests.PlayButton_WhenClicked_ShouldShowPlayingMessage" storage="/home/runner/work/examen-2025-ii-si784-u2-krcrimson/examen-2025-ii-si784-u2-krcrimson/musicplayer/tests/musicplayer.uitests/bin/release/net8.0/musicplayer.uitests.dll" id="7127932d-c6c2-614a-eee8-df13e9ddded6">
      <Execution id="5e48d1c2-03a7-4e4d-a526-a33c393b8729" />
      <TestMethod codeBase="/home/runner/work/examen-2025-ii-si784-u2-KrCrimson/examen-2025-ii-si784-u2-KrCrimson/MusicPlayer/tests/MusicPlayer.UITests/bin/Release/net8.0/MusicPlayer.UITests.dll" adapterTypeName="executor://xunit/VsTestRunner2/netcoreapp" className="MusicPlayer.UITests.MusicPlayerUITests" name="PlayButton_WhenClicked_ShouldShowPlayingMessage" />
    </UnitTest>
    <UnitTest name="MusicPlayer.UITests.MusicPlayerUITests.MultipleCommands_ShouldExecute_Sequentially" storage="/home/runner/work/examen-2025-ii-si784-u2-krcrimson/examen-2025-ii-si784-u2-krcrimson/musicplayer/tests/musicplayer.uitests/bin/release/net8.0/musicplayer.uitests.dll" id="96f8ec32-1fae-a343-d76f-36f72c55ff37">
      <Execution id="0d3eca73-e176-450e-bab1-f3076a004203" />
      <TestMethod codeBase="/home/runner/work/examen-2025-ii-si784-u2-KrCrimson/examen-2025-ii-si784-u2-KrCrimson/MusicPlayer/tests/MusicPlayer.UITests/bin/Release/net8.0/MusicPlayer.UITests.dll" adapterTypeName="executor://xunit/VsTestRunner2/netcoreapp" className="MusicPlayer.UITests.MusicPlayerUITests" name="MultipleCommands_ShouldExecute_Sequentially" />
    </UnitTest>
    <UnitTest name="MusicPlayer.UITests.MusicPlayerUITests.SkipButton_WhenClicked_ShouldShowSkippingMessage" storage="/home/runner/work/examen-2025-ii-si784-u2-krcrimson/examen-2025-ii-si784-u2-krcrimson/musicplayer/tests/musicplayer.uitests/bin/release/net8.0/musicplayer.uitests.dll" id="1ab3ecc9-89c0-74c7-6fa6-63ff3a997f17">
      <Execution id="6bcf1751-9791-486f-a846-7c7492eca8e7" />
      <TestMethod codeBase="/home/runner/work/examen-2025-ii-si784-u2-KrCrimson/examen-2025-ii-si784-u2-KrCrimson/MusicPlayer/tests/MusicPlayer.UITests/bin/Release/net8.0/MusicPlayer.UITests.dll" adapterTypeName="executor://xunit/VsTestRunner2/netcoreapp" className="MusicPlayer.UITests.MusicPlayerUITests" name="SkipButton_WhenClicked_ShouldShowSkippingMessage" />
    </UnitTest>
  </TestDefinitions>
  <TestEntries>
    <TestEntry testId="faf87593-0367-77a6-1b17-13cc4ebce1b5" executionId="e3d21b94-0225-4d06-84ef-3c530da4c00b" testListId="8c84fa94-04c1-424b-9868-57a2d4851a1d" />
    <TestEntry testId="1ab3ecc9-89c0-74c7-6fa6-63ff3a997f17" executionId="6bcf1751-9791-486f-a846-7c7492eca8e7" testListId="8c84fa94-04c1-424b-9868-57a2d4851a1d" />
    <TestEntry testId="96f8ec32-1fae-a343-d76f-36f72c55ff37" executionId="0d3eca73-e176-450e-bab1-f3076a004203" testListId="8c84fa94-04c1-424b-9868-57a2d4851a1d" />
    <TestEntry testId="9ac12fdd-fdca-acdc-91b4-2ec9dfae4587" executionId="d7da08a8-1770-4ece-8f3a-3bbcade7a550" testListId="8c84fa94-04c1-424b-9868-57a2d4851a1d" />
    <TestEntry testId="7127932d-c6c2-614a-eee8-df13e9ddded6" executionId="5e48d1c2-03a7-4e4d-a526-a33c393b8729" testListId="8c84fa94-04c1-424b-9868-57a2d4851a1d" />
    <TestEntry testId="f87d0ea6-fe43-5c94-ba1e-763c7e57e309" executionId="33c6698f-47c7-4f8c-84d6-dc6d6f40cad2" testListId="8c84fa94-04c1-424b-9868-57a2d4851a1d" />
  </TestEntries>
  <TestLists>
    <TestList name="Results Not in a List" id="8c84fa94-04c1-424b-9868-57a2d4851a1d" />
    <TestList name="All Loaded Results" id="19431567-8539-422a-85d7-44ee4e166bda" />
  </TestLists>
  <ResultSummary outcome="Completed">
    <Counters total="6" executed="6" passed="6" failed="0" error="0" timeout="0" aborted="0" inconclusive="0" passedButRunAborted="0" notRunnable="0" notExecuted="0" disconnected="0" warning="0" completed="0" inProgress="0" pending="0" />
    <Output>
      <StdOut>[xUnit.net 00:00:00.00] xUnit.net VSTest Adapter v2.5.4.1+b9eacec401 (64-bit .NET 8.0.21)
[xUnit.net 00:00:00.22]   Discovering: MusicPlayer.UITests
[xUnit.net 00:00:00.28]   Discovered:  MusicPlayer.UITests
[xUnit.net 00:00:00.29]   Starting:    MusicPlayer.UITests
Starting ChromeDriver 142.0.7444.59 (4b8153ab58d3c3f4c9f7e4baad9616ecf80db5fa-refs/branch-heads/7444_52@{#4}) on port 46653
Only local connections are allowed.
Please see https://chromedriver.chromium.org/security-considerations for suggestions on keeping ChromeDriver safe.
Connection refused (localhost:46653)
Connection refused (localhost:46653)
Connection refused (localhost:46653)
Connection refused (localhost:46653)
Connection refused (localhost:46653)
Connection refused (localhost:46653)
Connection refused (localhost:46653)
Connection refused (localhost:46653)
Connection refused (localhost:46653)
Connection refused (localhost:46653)
Connection refused (localhost:46653)
Connection refused (localhost:46653)
Connection refused (localhost:46653)
Connection refused (localhost:46653)
Connection refused (localhost:46653)
Connection refused (localhost:46653)
Connection refused (localhost:46653)
Connection refused (localhost:46653)
Connection refused (localhost:46653)
Connection refused (localhost:46653)
Connection refused (localhost:46653)
Connection refused (localhost:46653)
Connection refused (localhost:46653)
Connection refused (localhost:46653)
Connection refused (localhost:46653)
Connection refused (localhost:46653)
Connection refused (localhost:46653)
Connection refused (localhost:46653)
Connection refused (localhost:46653)
Connection refused (localhost:46653)
Connection refused (localhost:46653)
Connection refused (localhost:46653)
Connection refused (localhost:46653)
Connection refused (localhost:46653)
Connection refused (localhost:46653)
Connection refused (localhost:46653)
Connection refused (localhost:46653)
Connection refused (localhost:46653)
Connection refused (localhost:46653)
Connection refused (localhost:46653)
Connection refused (localhost:46653)
Connection refused (localhost:46653)
Connection refused (localhost:46653)
Connection refused (localhost:46653)
Connection refused (localhost:46653)
Connection refused (localhost:46653)
Connection refused (localhost:46653)
Connection refused (localhost:46653)
Connection refused (localhost:46653)
Connection refused (localhost:46653)
Connection refused (localhost:46653)
Connection refused (localhost:46653)
Connection refused (localhost:46653)
Connection refused (localhost:46653)
Connection refused (localhost:46653)
Connection refused (localhost:46653)
Connection refused (localhost:46653)
Connection refused (localhost:46653)
Connection refused (localhost:46653)
Connection refused (localhost:46653)
Connection refused (localhost:46653)
Connection refused (localhost:46653)
Connection refused (localhost:46653)
Connection refused (localhost:46653)
Connection refused (localhost:46653)
Connection refused (localhost:46653)
Connection refused (localhost:46653)
Connection refused (localhost:46653)
Connection refused (localhost:46653)
Connection refused (localhost:46653)
Connection refused (localhost:46653)
Connection refused (localhost:46653)
Connection refused (localhost:46653)
Connection refused (localhost:46653)
Connection refused (localhost:46653)
Connection refused (localhost:46653)
Connection refused (localhost:46653)
Connection refused (localhost:46653)
Connection refused (localhost:46653)
Connection refused (localhost:46653)
Connection refused (localhost:46653)
Connection refused (localhost:46653)
Connection refused (localhost:46653)
Connection refused (localhost:46653)
Connection refused (localhost:46653)
Connection refused (localhost:46653)
Connection refused (localhost:46653)
Connection refused (localhost:46653)
Connection refused (localhost:46653)
Connection refused (localhost:46653)
Connection refused (localhost:46653)
Connection refused (localhost:46653)
Connection refused (localhost:46653)
Connection refused (localhost:46653)
Connection refused (localhost:46653)
Connection refused (localhost:46653)
Connection refused (localhost:46653)
Connection refused (localhost:46653)
Connection refused (localhost:46653)
Connection refused (localhost:46653)
Connection refused (localhost:46653)
Connection refused (localhost:46653)
Connection refused (localhost:46653)
Connection refused (localhost:46653)
Connection refused (localhost:46653)
Connection refused (localhost:46653)
Connection refused (localhost:46653)
Connection refused (localhost:46653)
Connection refused (localhost:46653)
Connection refused (localhost:46653)
Connection refused (localhost:46653)
Connection refused (localhost:46653)
Connection refused (localhost:46653)
Connection refused (localhost:46653)
Connection refused (localhost:46653)
Connection refused (localhost:46653)
Connection refused (localhost:46653)
Connection refused (localhost:46653)
Connection refused (localhost:46653)
Connection refused (localhost:46653)
Connection refused (localhost:46653)
Connection refused (localhost:46653)
Connection refused (localhost:46653)
Connection refused (localhost:46653)
Connection refused (localhost:46653)
Connection refused (localhost:46653)
Connection refused (localhost:46653)
Connection refused (localhost:46653)
Connection refused (localhost:46653)
Connection refused (localhost:46653)
Connection refused (localhost:46653)
Connection refused (localhost:46653)
Connection refused (localhost:46653)
Connection refused (localhost:46653)
Connection refused (localhost:46653)
Connection refused (localhost:46653)
Connection refused (localhost:46653)
Connection refused (localhost:46653)
Connection refused (localhost:46653)
Connection refused (localhost:46653)
Connection refused (localhost:46653)
Connection refused (localhost:46653)
Connection refused (localhost:46653)
Connection refused (localhost:46653)
Connection refused (localhost:46653)
Connection refused (localhost:46653)
Connection refused (localhost:46653)
Connection refused (localhost:46653)
Connection refused (localhost:46653)
Connection refused (localhost:46653)
Connection refused (localhost:46653)
Connection refused (localhost:46653)
Connection refused (localhost:46653)
Connection refused (localhost:46653)
Connection refused (localhost:46653)
Connection refused (localhost:46653)
Connection refused (localhost:46653)
Connection refused (localhost:46653)
Connection refused (localhost:46653)
Connection refused (localhost:46653)
Connection refused (localhost:46653)
Connection refused (localhost:46653)
Connection refused (localhost:46653)
Connection refused (localhost:46653)
Connection refused (localhost:46653)
Connection refused (localhost:46653)
Connection refused (localhost:46653)
Connection refused (localhost:46653)
Connection refused (localhost:46653)
Connection refused (localhost:46653)
Connection refused (localhost:46653)
Connection refused (localhost:46653)
Connection refused (localhost:46653)
ChromeDriver was started successfully on port 46653.
Connection refused (localhost:45437)
Connection refused (localhost:45437)
Connection refused (localhost:45437)
Starting ChromeDriver 142.0.7444.59 (4b8153ab58d3c3f4c9f7e4baad9616ecf80db5fa-refs/branch-heads/7444_52@{#4}) on port 45437
Only local connections are allowed.
Please see https://chromedriver.chromium.org/security-considerations for suggestions on keeping ChromeDriver safe.
Connection refused (localhost:45437)
ChromeDriver was started successfully on port 45437.
Connection refused (localhost:45437)
Connection refused (localhost:35145)
Connection refused (localhost:35145)
Connection refused (localhost:35145)
Starting ChromeDriver 142.0.7444.59 (4b8153ab58d3c3f4c9f7e4baad9616ecf80db5fa-refs/branch-heads/7444_52@{#4}) on port 35145
Only local connections are allowed.
Please see https://chromedriver.chromium.org/security-considerations for suggestions on keeping ChromeDriver safe.
Connection refused (localhost:35145)
Connection refused (localhost:35145)
Connection refused (localhost:35145)
Connection refused (localhost:35145)
Connection refused (localhost:35145)
ChromeDriver was started successfully on port 35145.
Connection refused (localhost:35145)
Connection refused (localhost:45545)
Connection refused (localhost:45545)
Connection refused (localhost:45545)
Starting ChromeDriver 142.0.7444.59 (4b8153ab58d3c3f4c9f7e4baad9616ecf80db5fa-refs/branch-heads/7444_52@{#4}) on port 45545
Only local connections are allowed.
Please see https://chromedriver.chromium.org/security-considerations for suggestions on keeping ChromeDriver safe.
Connection refused (localhost:45545)
Connection refused (localhost:45545)
Connection refused (localhost:45545)
Connection refused (localhost:45545)
ChromeDriver was started successfully on port 45545.
Connection refused (localhost:38463)
Connection refused (localhost:38463)
Connection refused (localhost:38463)
Starting ChromeDriver 142.0.7444.59 (4b8153ab58d3c3f4c9f7e4baad9616ecf80db5fa-refs/branch-heads/7444_52@{#4}) on port 38463
Only local connections are allowed.
Please see https://chromedriver.chromium.org/security-considerations for suggestions on keeping ChromeDriver safe.
Connection refused (localhost:38463)
Connection refused (localhost:38463)
Connection refused (localhost:38463)
Connection refused (localhost:38463)
Connection refused (localhost:38463)
ChromeDriver was started successfully on port 38463.
Connection refused (localhost:42809)
Connection refused (localhost:42809)
Connection refused (localhost:42809)
Starting ChromeDriver 142.0.7444.59 (4b8153ab58d3c3f4c9f7e4baad9616ecf80db5fa-refs/branch-heads/7444_52@{#4}) on port 42809
Only local connections are allowed.
Please see https://chromedriver.chromium.org/security-considerations for suggestions on keeping ChromeDriver safe.
Connection refused (localhost:42809)
Connection refused (localhost:42809)
Connection refused (localhost:42809)
Connection refused (localhost:42809)
Connection refused (localhost:42809)
ChromeDriver was started successfully on port 42809.
[xUnit.net 00:00:21.34]   Finished:    MusicPlayer.UITests
</StdOut>
    </Output>
  </ResultSummary>
</TestRun>