<?xml version="1.0" encoding="utf-8"?>
<coverage line-rate="1" branch-rate="1" version="1.9" timestamp="1761962013" lines-covered="20" lines-valid="20" branches-covered="2" branches-valid="2">
  <sources>
    <source>C:\Users\HP\Documents\GitHub\examen-2025-ii-si784-u2-KrCrimson\src\MusicPlayer\</source>
  </sources>
  <packages>
    <package name="MusicPlayer" line-rate="1" branch-rate="1" complexity="12">
      <classes>
        <class name="MusicPlayer.MusicPlayer" filename="MusicPlayer.cs" line-rate="1" branch-rate="1" complexity="3">
          <methods>
            <method name="Play" signature="()" line-rate="1" branch-rate="1" complexity="1">
              <lines>
                <line number="8" hits="4" branch="False" />
              </lines>
            </method>
            <method name="Pause" signature="()" line-rate="1" branch-rate="1" complexity="1">
              <lines>
                <line number="13" hits="4" branch="False" />
              </lines>
            </method>
            <method name="Skip" signature="()" line-rate="1" branch-rate="1" complexity="1">
              <lines>
                <line number="18" hits="3" branch="False" />
              </lines>
            </method>
          </methods>
          <lines>
            <line number="8" hits="4" branch="False" />
            <line number="13" hits="4" branch="False" />
            <line number="18" hits="3" branch="False" />
          </lines>
        </class>
        <class name="MusicPlayer.MusicRemote" filename="MusicRemote.cs" line-rate="1" branch-rate="1" complexity="3">
          <methods>
            <method name="SetCommand" signature="(MusicPlayer.IMusicCommand)" line-rate="1" branch-rate="1" complexity="1">
              <lines>
                <line number="10" hits="6" branch="False" />
                <line number="11" hits="6" branch="False" />
              </lines>
            </method>
            <method name="PressButton" signature="()" line-rate="1" branch-rate="1" complexity="2">
              <lines>
                <line number="15" hits="6" branch="True" condition-coverage="100% (2/2)">
                  <conditions>
                    <condition number="6" type="jump" coverage="100%" />
                  </conditions>
                </line>
                <line number="17" hits="1" branch="False" />
                <line number="19" hits="5" branch="False" />
              </lines>
            </method>
          </methods>
          <lines>
            <line number="10" hits="6" branch="False" />
            <line number="11" hits="6" branch="False" />
            <line number="15" hits="6" branch="True" condition-coverage="100% (2/2)">
              <conditions>
                <condition number="6" type="jump" coverage="100%" />
              </conditions>
            </line>
            <line number="17" hits="1" branch="False" />
            <line number="19" hits="5" branch="False" />
          </lines>
        </class>
        <class name="MusicPlayer.PauseCommand" filename="PauseCommand.cs" line-rate="1" branch-rate="1" complexity="2">
          <methods>
            <method name="Execute" signature="()" line-rate="1" branch-rate="1" complexity="1">
              <lines>
                <line number="15" hits="3" branch="False" />
              </lines>
            </method>
            <method name=".ctor" signature="(MusicPlayer.MusicPlayer)" line-rate="1" branch-rate="1" complexity="1">
              <lines>
                <line number="8" hits="4" branch="False" />
                <line number="10" hits="4" branch="False" />
                <line number="11" hits="4" branch="False" />
              </lines>
            </method>
          </methods>
          <lines>
            <line number="15" hits="3" branch="False" />
            <line number="8" hits="4" branch="False" />
            <line number="10" hits="4" branch="False" />
            <line number="11" hits="4" branch="False" />
          </lines>
        </class>
        <class name="MusicPlayer.PlayCommand" filename="PlayCommand.cs" line-rate="1" branch-rate="1" complexity="2">
          <methods>
            <method name="Execute" signature="()" line-rate="1" branch-rate="1" complexity="1">
              <lines>
                <line number="15" hits="3" branch="False" />
              </lines>
            </method>
            <method name=".ctor" signature="(MusicPlayer.MusicPlayer)" line-rate="1" branch-rate="1" complexity="1">
              <lines>
                <line number="8" hits="5" branch="False" />
                <line number="10" hits="5" branch="False" />
                <line number="11" hits="5" branch="False" />
              </lines>
            </method>
          </methods>
          <lines>
            <line number="15" hits="3" branch="False" />
            <line number="8" hits="5" branch="False" />
            <line number="10" hits="5" branch="False" />
            <line number="11" hits="5" branch="False" />
          </lines>
        </class>
        <class name="MusicPlayer.SkipCommand" filename="SkipCommand.cs" line-rate="1" branch-rate="1" complexity="2">
          <methods>
            <method name="Execute" signature="()" line-rate="1" branch-rate="1" complexity="1">
              <lines>
                <line number="15" hits="2" branch="False" />
              </lines>
            </method>
            <method name=".ctor" signature="(MusicPlayer.MusicPlayer)" line-rate="1" branch-rate="1" complexity="1">
              <lines>
                <line number="8" hits="3" branch="False" />
                <line number="10" hits="3" branch="False" />
                <line number="11" hits="3" branch="False" />
              </lines>
            </method>
          </methods>
          <lines>
            <line number="15" hits="2" branch="False" />
            <line number="8" hits="3" branch="False" />
            <line number="10" hits="3" branch="False" />
            <line number="11" hits="3" branch="False" />
          </lines>
        </class>
      </classes>
    </package>
  </packages>
</coverage>